2024-08-26 17:43:10 - 2024-08-26 17:43:10 - P3. Download   - Failed: No file uploaded for processing.
2024-08-26 17:43:13 - 2024-08-26 17:43:13 - P1. Upload     - Failed: No file uploaded.
2024-08-26 17:43:18 - 2024-08-26 17:43:18 - P2. Processing - Failed: No file uploaded for processing.
2024-08-26 17:43:19 - 2024-08-26 17:43:19 - P3. Download   - Failed: No file uploaded for processing.
2024-08-26 17:43:22 - 2024-08-26 17:43:22 - P1. Upload     - Failed: No file uploaded.
2024-08-26 17:43:27 - 2024-08-26 17:43:27 - P1. Upload     - Success: Uploaded and displayed data successfully.
2024-08-26 17:43:27 - 2024-08-26 17:43:27 - P1. Upload     - Accessed Manage Config Page
2024-08-26 17:43:28 - 2024-08-26 17:43:28 - P2. Processing - Success: Data processed and filtered successfully.
2024-08-26 17:43:31 - 2024-08-26 17:43:31 - P3. Download   - Success: Processed and exported results for file /M0001_final result_output.xlsx
2024-08-26 17:43:33 - 2024-08-26 17:43:33 - P3. Download   - Success: Processed and exported results for file /M0001_final result_output.xlsx
2024-08-26 17:43:46 - 2024-08-26 17:43:46 - P2. Processing - Success: Data processed and filtered successfully.
2024-08-26 17:43:48 - 2024-08-26 17:43:48 - P2. Processing - Failed: No file uploaded for processing.
2024-08-26 17:44:25 - 2024-08-26 17:44:25 - P1. Upload     - Failed: No file uploaded.
2024-08-26 17:44:30 - 2024-08-26 17:44:30 - P1. Upload     - Success: Uploaded and displayed data successfully.
2024-08-26 17:44:30 - 2024-08-26 17:44:30 - P1. Upload     - Accessed Manage Config Page
2024-08-26 17:46:05 - 2024-08-26 17:46:05 - P1. Upload     - Failed: No file uploaded.
2024-08-26 17:46:08 - 2024-08-26 17:46:08 - P2. Processing - Failed: No file uploaded for processing.
2024-08-26 17:46:09 - 2024-08-26 17:46:09 - P3. Download   - Failed: No file uploaded for processing.
2024-08-26 17:46:10 - 2024-08-26 17:46:10 - P2. Processing - Failed: No file uploaded for processing.
2024-08-26 17:46:11 - 2024-08-26 17:46:11 - P1. Upload     - Failed: No file uploaded.
2024-08-26 17:46:17 - 2024-08-26 17:46:17 - P3. Download   - Failed: No file uploaded for processing.
2024-08-26 17:46:17 - 2024-08-26 17:46:17 - P2. Processing - Failed: No file uploaded for processing.
2024-08-27 00:14:46 - 2024-08-27 00:14:46 - P1. Upload     - Accessed Manage Config Page
2024-08-27 00:14:58 - 2024-08-27 00:14:58 - P1. Upload     - Accessed Manage Config Page
2024-08-27 00:14:58 - 2024-08-27 00:14:58 - P1. Upload     - Accessed Manage Config Page
2024-08-27 00:14:58 - 2024-08-27 00:14:58 - P1. Upload     - Accessed Manage Config Page
2024-08-27 00:14:59 - 2024-08-27 00:14:59 - P1. Upload     - Accessed Manage Config Page
2024-08-27 00:14:59 - 2024-08-27 00:14:59 - P1. Upload     - Accessed Manage Config Page
2024-08-27 00:15:00 - 2024-08-27 00:15:00 - P1. Upload     - Accessed Manage Config Page
2024-08-27 00:15:02 - 2024-08-27 00:15:02 - P1. Upload     - Accessed Manage Config Page
2024-08-27 00:15:02 - 2024-08-27 00:15:02 - P1. Upload     - Accessed Manage Config Page
2024-08-27 00:15:02 - 2024-08-27 00:15:02 - P1. Upload     - Accessed Manage Config Page
2024-08-27 00:16:34 - 2024-08-27 00:16:34 - P1. Upload     - Accessed Manage Config Page
2024-08-27 00:16:51 - 2024-08-27 00:16:51 - P1. Upload     - Accessed Manage Config Page
2024-08-27 00:16:58 - 2024-08-27 00:16:58 - P1. Upload     - Accessed Manage Config Page
2024-08-27 00:17:35 - 2024-08-27 00:17:35 - P1. Upload     - Accessed Manage Config Page
2024-08-27 00:17:46 - 2024-08-27 00:17:46 - P1. Upload     - Accessed Manage Config Page
2024-08-27 00:18:19 - 2024-08-27 00:18:19 - P1. Upload     - Success: Uploaded and displayed data successfully.
2024-08-27 00:18:19 - 2024-08-27 00:18:19 - P1. Upload     - Success: Uploaded and displayed data successfully.
2024-08-27 00:18:19 - 2024-08-27 00:18:19 - P1. Upload     - Accessed Manage Config Page
2024-08-27 00:18:35 - 2024-08-27 00:18:35 - P1. Upload     - Success: Uploaded and displayed data successfully.
2024-08-27 00:18:35 - 2024-08-27 00:18:35 - P1. Upload     - Success: Uploaded and displayed data successfully.
2024-08-27 00:18:35 - 2024-08-27 00:18:35 - P1. Upload     - Accessed Manage Config Page
2024-08-27 00:19:33 - 2024-08-27 00:19:33 - P1. Upload     - Accessed Manage Config Page
2024-08-27 00:20:01 - 2024-08-27 00:20:01 - P1. Upload     - Accessed Manage Config Page
2024-08-27 00:20:05 - 2024-08-27 00:20:05 - P1. Upload     - Accessed Manage Config Page
2024-08-27 00:20:05 - 2024-08-27 00:20:05 - P1. Upload     - Accessed Manage Config Page
2024-08-27 00:32:21 - 2024-08-27 00:32:21 - P1. Upload     - Accessed Manage Config Page
2024-08-27 00:32:28 - 2024-08-27 00:32:28 - P1. Upload     - Accessed Manage Config Page
2024-08-27 00:32:28 - 2024-08-27 00:32:28 - P1. Upload     - Accessed Manage Config Page
2024-08-27 00:32:29 - 2024-08-27 00:32:29 - P1. Upload     - Accessed Manage Config Page
2024-08-27 00:32:29 - 2024-08-27 00:32:29 - P1. Upload     - Accessed Manage Config Page
2024-08-27 00:32:30 - 2024-08-27 00:32:30 - P1. Upload     - Accessed Manage Config Page
2024-08-27 00:32:30 - 2024-08-27 00:32:30 - P1. Upload     - Accessed Manage Config Page
2024-08-27 00:34:48 - 2024-08-27 00:34:48 - P1. Upload     - Number of samples displayed: 5
2024-08-27 00:34:49 - 2024-08-27 00:34:49 - P1. Upload     - Accessed Manage Config Page
2024-08-27 00:34:55 - 2024-08-27 00:34:55 - P1. Upload     - Number of samples displayed: 4
2024-08-27 00:34:55 - 2024-08-27 00:34:55 - P1. Upload     - Number of samples displayed: 4
2024-08-27 00:34:55 - 2024-08-27 00:34:55 - P1. Upload     - Number of samples displayed: 3
2024-08-27 00:34:55 - 2024-08-27 00:34:55 - P1. Upload     - Accessed Manage Config Page
2024-08-27 00:34:55 - 2024-08-27 00:34:55 - P1. Upload     - Number of samples displayed: 2
2024-08-27 00:34:55 - 2024-08-27 00:34:55 - P1. Upload     - Accessed Manage Config Page
2024-08-27 00:38:15 - 2024-08-27 00:38:15 - P1. Upload     - Number of samples displayed: 5
2024-08-27 00:38:28 - 2024-08-27 00:38:28 - P1. Upload     - Number of samples displayed: 6
2024-08-27 00:38:28 - 2024-08-27 00:38:28 - P1. Upload     - Number of samples displayed: 6
2024-08-27 00:38:33 - 2024-08-27 00:38:33 - P1. Upload     - Number of samples displayed: 6
2024-08-27 00:38:33 - 2024-08-27 00:38:33 - P1. Upload     - Success: Uploaded M0001_final result.xlsx data successfully.
2024-08-27 00:38:33 - 2024-08-27 00:38:33 - P1. Upload     - Accessed Manage Config Page
2024-08-27 00:39:38 - 2024-08-27 00:39:38 - P1. Upload     - Number of samples displayed: 5
2024-08-27 00:39:42 - 2024-08-27 00:39:42 - P1. Upload     - Number of samples displayed: 5
2024-08-27 00:39:42 - 2024-08-27 00:39:42 - P1. Upload     - Success: Uploaded M0001_final result.xlsx data successfully.
2024-08-27 00:39:42 - 2024-08-27 00:39:42 - P1. Upload     - Accessed Manage Config Page
2024-08-27 00:40:38 - 2024-08-27 00:40:38 - P1. Upload     - Number of samples displayed: 5
2024-08-27 00:40:38 - 2024-08-27 00:40:38 - P1. Upload     - Success: Uploaded M0001_final result.xlsx data successfully.
2024-08-27 00:40:38 - 2024-08-27 00:40:38 - P1. Upload     - Success: Uploaded M0102_example file.xlsx data successfully.
2024-08-27 00:40:38 - 2024-08-27 00:40:38 - P1. Upload     - Accessed Manage Config Page
2024-08-27 00:41:08 - 2024-08-27 00:41:08 - P1. Upload     - Number of samples displayed: 4
2024-08-27 00:41:08 - 2024-08-27 00:41:08 - P1. Upload     - Success: Uploaded M0001_final result.xlsx data successfully.
2024-08-27 00:41:09 - 2024-08-27 00:41:09 - P1. Upload     - Success: Uploaded M0102_example file.xlsx data successfully.
2024-08-27 00:41:09 - 2024-08-27 00:41:09 - P1. Upload     - Accessed Manage Config Page
2024-08-27 00:41:10 - 2024-08-27 00:41:10 - P1. Upload     - Number of samples displayed: 3
2024-08-27 00:41:10 - 2024-08-27 00:41:10 - P1. Upload     - Success: Uploaded M0001_final result.xlsx data successfully.
2024-08-27 00:41:11 - 2024-08-27 00:41:11 - P1. Upload     - Success: Uploaded M0102_example file.xlsx data successfully.
2024-08-27 00:41:11 - 2024-08-27 00:41:11 - P1. Upload     - Accessed Manage Config Page
2024-08-27 00:41:11 - 2024-08-27 00:41:11 - P1. Upload     - Number of samples displayed: 2
2024-08-27 00:41:11 - 2024-08-27 00:41:11 - P1. Upload     - Number of samples displayed: 1
2024-08-27 00:41:11 - 2024-08-27 00:41:11 - P1. Upload     - Success: Uploaded M0001_final result.xlsx data successfully.
2024-08-27 00:41:11 - 2024-08-27 00:41:11 - P1. Upload     - Success: Uploaded M0102_example file.xlsx data successfully.
2024-08-27 00:41:11 - 2024-08-27 00:41:11 - P1. Upload     - Accessed Manage Config Page
2024-08-27 00:42:25 - 2024-08-27 00:42:25 - P1. Upload     - Number of samples displayed: 5
2024-08-27 00:42:30 - 2024-08-27 00:42:30 - P1. Upload     - Number of samples displayed: 5
2024-08-27 00:42:30 - 2024-08-27 00:42:30 - P1. Upload     - Success: Uploaded M0001_final result.xlsx data successfully.
2024-08-27 00:42:30 - 2024-08-27 00:42:30 - P1. Upload     - Accessed Manage Config Page
2024-08-27 00:42:36 - 2024-08-27 00:42:36 - P1. Upload     - Number of samples displayed: 5
2024-08-27 00:42:43 - 2024-08-27 00:42:43 - P1. Upload     - Number of samples displayed: 5
2024-08-27 00:42:43 - 2024-08-27 00:42:43 - P1. Upload     - Success: Uploaded M0001_final result.xlsx data successfully.
2024-08-27 00:42:43 - 2024-08-27 00:42:43 - P1. Upload     - Success: Uploaded M0102_example file.xlsx data successfully.
2024-08-27 00:42:43 - 2024-08-27 00:42:43 - P1. Upload     - Accessed Manage Config Page
2024-08-27 00:43:42 - 2024-08-27 00:43:42 - P1. Upload     - Number of samples displayed: 5
2024-08-27 00:43:42 - 2024-08-27 00:43:42 - P1. Upload     - Success: Uploaded M0001_final result.xlsx data successfully.
2024-08-27 00:43:42 - 2024-08-27 00:43:42 - P1. Upload     - Success: Uploaded M0102_example file.xlsx data successfully.
2024-08-27 00:43:42 - 2024-08-27 00:43:42 - P1. Upload     - Accessed Manage Config Page
2024-08-27 00:43:59 - 2024-08-27 00:43:59 - P1. Upload     - Number of samples displayed: 1
2024-08-27 00:43:59 - 2024-08-27 00:43:59 - P1. Upload     - Success: Uploaded M0001_final result.xlsx data successfully.
2024-08-27 00:43:59 - 2024-08-27 00:43:59 - P1. Upload     - Success: Uploaded M0102_example file.xlsx data successfully.
2024-08-27 00:43:59 - 2024-08-27 00:43:59 - P1. Upload     - Accessed Manage Config Page
2024-08-27 00:44:02 - 2024-08-27 00:44:02 - P1. Upload     - Number of samples displayed: 2
2024-08-27 00:44:02 - 2024-08-27 00:44:02 - P1. Upload     - Success: Uploaded M0001_final result.xlsx data successfully.
2024-08-27 00:44:02 - 2024-08-27 00:44:02 - P1. Upload     - Success: Uploaded M0102_example file.xlsx data successfully.
2024-08-27 00:44:02 - 2024-08-27 00:44:02 - P1. Upload     - Accessed Manage Config Page
2024-08-27 00:46:48 - 2024-08-27 00:46:48 - P1. Upload     - Number of samples displayed: 5
2024-08-27 00:46:53 - 2024-08-27 00:46:53 - P1. Upload     - Number of samples displayed: 5
2024-08-27 00:46:53 - 2024-08-27 00:46:53 - P1. Upload     - Success: Uploaded M0102_example file.xlsx data successfully.
2024-08-27 00:46:53 - 2024-08-27 00:46:53 - P1. Upload     - Accessed Manage Config Page
2024-08-27 00:47:00 - 2024-08-27 00:47:00 - P1. Upload     - Number of samples displayed: 5
2024-08-27 00:47:00 - 2024-08-27 00:47:00 - P1. Upload     - Success: Uploaded M0102_example file.xlsx data successfully.
2024-08-27 00:47:00 - 2024-08-27 00:47:00 - P1. Upload     - Accessed Manage Config Page
2024-08-27 00:47:00 - 2024-08-27 00:47:00 - P1. Upload     - Configuration updated successfully!
2024-08-27 00:47:10 - 2024-08-27 00:47:10 - P1. Upload     - Number of samples displayed: 5
2024-08-27 00:47:10 - 2024-08-27 00:47:10 - P2. Processing - Failed: Error during data processing. Error: Invalid file path or buffer object type: <class 'list'>
2024-08-27 00:47:24 - 2024-08-27 00:47:24 - P1. Upload     - Number of samples displayed: 5
2024-08-27 00:47:24 - 2024-08-27 00:47:24 - P1. Upload     - Success: Uploaded M0102_example file.xlsx data successfully.
2024-08-27 00:47:24 - 2024-08-27 00:47:24 - P1. Upload     - Accessed Manage Config Page
2024-08-27 00:47:52 - 2024-08-27 00:47:52 - P1. Upload     - Number of samples displayed: 5
2024-08-27 00:47:52 - 2024-08-27 00:47:52 - P1. Upload     - Success: Uploaded M0102_example file.xlsx data successfully.
2024-08-27 00:47:52 - 2024-08-27 00:47:52 - P1. Upload     - Success: Uploaded 38-M_0127_6_pos_15_01_358.xlsx data successfully.
2024-08-27 00:47:52 - 2024-08-27 00:47:52 - P1. Upload     - Success: Uploaded 39-M_0127_6_pos_2_01_350.xlsx data successfully.
2024-08-27 00:47:52 - 2024-08-27 00:47:52 - P1. Upload     - Success: Uploaded 42-M_0127_6_pos_6_01_355.xlsx data successfully.
2024-08-27 00:47:52 - 2024-08-27 00:47:52 - P1. Upload     - Success: Uploaded 44-M_0127_6_pos_5_01_353.xlsx data successfully.
2024-08-27 00:47:52 - 2024-08-27 00:47:52 - P1. Upload     - Success: Uploaded 45-M_0127_6_pos_14_01_357.xlsx data successfully.
2024-08-27 00:47:53 - 2024-08-27 00:47:53 - P1. Upload     - Success: Uploaded 46-M_0127_6_pos_4_01_352.xlsx data successfully.
2024-08-27 00:47:53 - 2024-08-27 00:47:53 - P1. Upload     - Success: Uploaded 50-M_0127_6_pos_16_01_359.xlsx data successfully.
2024-08-27 00:47:53 - 2024-08-27 00:47:53 - P1. Upload     - Success: Uploaded M0007_0123_5_pos_3_01_287.xlsx data successfully.
2024-08-27 00:47:53 - 2024-08-27 00:47:53 - P1. Upload     - Success: Uploaded M0018_0123_5_pos_16_01_295.xlsx data successfully.
2024-08-27 00:47:53 - 2024-08-27 00:47:53 - P1. Upload     - Success: Uploaded M0033_0123_5_pos_15_01_294.xlsx data successfully.
2024-08-27 00:47:53 - 2024-08-27 00:47:53 - P1. Upload     - Success: Uploaded M0055_0123_5_pos_2_01_286.xlsx data successfully.
2024-08-27 00:47:53 - 2024-08-27 00:47:53 - P1. Upload     - Success: Uploaded M0072_0123_5_pos_13_01_292.xlsx data successfully.
2024-08-27 00:47:53 - 2024-08-27 00:47:53 - P1. Upload     - Success: Uploaded M0082_0123_5_pos_6_01_291.xlsx data successfully.
2024-08-27 00:47:53 - 2024-08-27 00:47:53 - P1. Upload     - Success: Uploaded M0100_0123_5_pos_4_01_288.xlsx data successfully.
2024-08-27 00:47:53 - 2024-08-27 00:47:53 - P1. Upload     - Success: Uploaded M0101_0123_5_pos_14_01_293.xlsx data successfully.
2024-08-27 00:47:53 - 2024-08-27 00:47:53 - P1. Upload     - Success: Uploaded M0102_0123_5_pos_5_01_289.xlsx data successfully.
2024-08-27 00:47:53 - 2024-08-27 00:47:53 - P1. Upload     - Success: Uploaded M0117_0123_5_pos_1_01_285.xlsx data successfully.
2024-08-27 00:47:53 - 2024-08-27 00:47:53 - P1. Upload     - Accessed Manage Config Page
2024-08-27 00:47:59 - 2024-08-27 00:47:59 - P1. Upload     - Number of samples displayed: 4
2024-08-27 00:47:59 - 2024-08-27 00:47:59 - P1. Upload     - Success: Uploaded M0102_example file.xlsx data successfully.
2024-08-27 00:48:00 - 2024-08-27 00:48:00 - P1. Upload     - Success: Uploaded 38-M_0127_6_pos_15_01_358.xlsx data successfully.
2024-08-27 00:48:00 - 2024-08-27 00:48:00 - P1. Upload     - Number of samples displayed: 3
2024-08-27 00:48:00 - 2024-08-27 00:48:00 - P1. Upload     - Success: Uploaded M0102_example file.xlsx data successfully.
2024-08-27 00:48:00 - 2024-08-27 00:48:00 - P1. Upload     - Success: Uploaded 38-M_0127_6_pos_15_01_358.xlsx data successfully.
2024-08-27 00:48:00 - 2024-08-27 00:48:00 - P1. Upload     - Success: Uploaded 39-M_0127_6_pos_2_01_350.xlsx data successfully.
2024-08-27 00:48:00 - 2024-08-27 00:48:00 - P1. Upload     - Success: Uploaded 42-M_0127_6_pos_6_01_355.xlsx data successfully.
2024-08-27 00:48:00 - 2024-08-27 00:48:00 - P1. Upload     - Success: Uploaded 44-M_0127_6_pos_5_01_353.xlsx data successfully.
2024-08-27 00:48:00 - 2024-08-27 00:48:00 - P1. Upload     - Success: Uploaded 45-M_0127_6_pos_14_01_357.xlsx data successfully.
2024-08-27 00:48:01 - 2024-08-27 00:48:01 - P1. Upload     - Success: Uploaded 46-M_0127_6_pos_4_01_352.xlsx data successfully.
2024-08-27 00:48:01 - 2024-08-27 00:48:01 - P1. Upload     - Success: Uploaded 50-M_0127_6_pos_16_01_359.xlsx data successfully.
2024-08-27 00:48:01 - 2024-08-27 00:48:01 - P1. Upload     - Success: Uploaded M0007_0123_5_pos_3_01_287.xlsx data successfully.
2024-08-27 00:48:01 - 2024-08-27 00:48:01 - P1. Upload     - Success: Uploaded M0018_0123_5_pos_16_01_295.xlsx data successfully.
2024-08-27 00:48:01 - 2024-08-27 00:48:01 - P1. Upload     - Success: Uploaded M0033_0123_5_pos_15_01_294.xlsx data successfully.
2024-08-27 00:48:01 - 2024-08-27 00:48:01 - P1. Upload     - Success: Uploaded M0055_0123_5_pos_2_01_286.xlsx data successfully.
2024-08-27 00:48:01 - 2024-08-27 00:48:01 - P1. Upload     - Success: Uploaded M0072_0123_5_pos_13_01_292.xlsx data successfully.
2024-08-27 00:48:01 - 2024-08-27 00:48:01 - P1. Upload     - Success: Uploaded M0082_0123_5_pos_6_01_291.xlsx data successfully.
2024-08-27 00:48:01 - 2024-08-27 00:48:01 - P1. Upload     - Success: Uploaded M0100_0123_5_pos_4_01_288.xlsx data successfully.
2024-08-27 00:48:01 - 2024-08-27 00:48:01 - P1. Upload     - Success: Uploaded M0101_0123_5_pos_14_01_293.xlsx data successfully.
2024-08-27 00:48:01 - 2024-08-27 00:48:01 - P1. Upload     - Success: Uploaded M0102_0123_5_pos_5_01_289.xlsx data successfully.
2024-08-27 00:48:01 - 2024-08-27 00:48:01 - P1. Upload     - Success: Uploaded M0117_0123_5_pos_1_01_285.xlsx data successfully.
2024-08-27 00:48:01 - 2024-08-27 00:48:01 - P1. Upload     - Accessed Manage Config Page
2024-08-27 00:48:41 - 2024-08-27 00:48:41 - P1. Upload     - Number of samples displayed: 3
2024-08-27 00:48:41 - 2024-08-27 00:48:41 - P3. Download   - Failed: Error during file processing. Error: Invalid file path or buffer object type: <class 'list'>
2024-08-27 00:48:44 - 2024-08-27 00:48:44 - P1. Upload     - Number of samples displayed: 3
2024-08-27 00:48:44 - 2024-08-27 00:48:44 - P2. Processing - Failed: Error during data processing. Error: Invalid file path or buffer object type: <class 'list'>
2024-08-27 00:48:57 - 2024-08-27 00:48:57 - P1. Upload     - Number of samples displayed: 5
2024-08-27 00:54:49 - 2024-08-27 00:54:49 - P1. Upload     - Number of samples displayed: 5
2024-08-27 00:54:49 - 2024-08-27 00:54:49 - P1. Upload     - Number of samples displayed: 5
2024-08-27 00:54:49 - 2024-08-27 00:54:49 - P2. Processing - Failed: Error during data processing. Error: Invalid file path or buffer object type: <class 'list'>
2024-08-27 00:58:34 - 2024-08-27 00:58:34 - P1. Upload     - Number of samples displayed: 5
2024-08-27 00:58:35 - 2024-08-27 00:58:35 - P1. Upload     - Number of samples displayed: 5
2024-08-27 00:58:37 - 2024-08-27 00:58:37 - P1. Upload     - Number of samples displayed: 5
2024-08-27 00:59:35 - 2024-08-27 00:59:35 - P1. Upload     - Number of samples displayed: 5
2024-08-27 00:59:36 - 2024-08-27 00:59:36 - P2. Processing - Success: M0102_example file.xlsx processed and filtered successfully.
2024-08-27 01:00:12 - 2024-08-27 01:00:12 - P1. Upload     - Number of samples displayed: 5
2024-08-27 01:00:13 - 2024-08-27 01:00:13 - P2. Processing - Success: M0102_example file.xlsx processed and filtered successfully.
2024-08-27 01:00:13 - 2024-08-27 01:00:13 - P2. Processing - Success: M0055_0123_5_pos_2_01_286.xlsx processed and filtered successfully.
2024-08-27 01:00:13 - 2024-08-27 01:00:13 - P2. Processing - Success: M0072_0123_5_pos_13_01_292.xlsx processed and filtered successfully.
2024-08-27 01:00:13 - 2024-08-27 01:00:13 - P2. Processing - Success: M0082_0123_5_pos_6_01_291.xlsx processed and filtered successfully.
2024-08-27 01:00:13 - 2024-08-27 01:00:13 - P2. Processing - Success: M0100_0123_5_pos_4_01_288.xlsx processed and filtered successfully.
2024-08-27 01:00:13 - 2024-08-27 01:00:13 - P2. Processing - Success: M0101_0123_5_pos_14_01_293.xlsx processed and filtered successfully.
2024-08-27 01:00:13 - 2024-08-27 01:00:13 - P2. Processing - Success: M0102_0123_5_pos_5_01_289.xlsx processed and filtered successfully.
2024-08-27 01:00:14 - 2024-08-27 01:00:14 - P2. Processing - Success: M0117_0123_5_pos_1_01_285.xlsx processed and filtered successfully.
2024-08-27 01:00:27 - 2024-08-27 01:00:27 - P1. Upload     - Number of samples displayed: 4
2024-08-27 01:00:27 - 2024-08-27 01:00:27 - P2. Processing - Success: M0102_example file.xlsx processed and filtered successfully.
2024-08-27 01:00:27 - 2024-08-27 01:00:27 - P2. Processing - Success: M0055_0123_5_pos_2_01_286.xlsx processed and filtered successfully.
2024-08-27 01:00:28 - 2024-08-27 01:00:28 - P2. Processing - Success: M0072_0123_5_pos_13_01_292.xlsx processed and filtered successfully.
2024-08-27 01:00:28 - 2024-08-27 01:00:28 - P2. Processing - Success: M0082_0123_5_pos_6_01_291.xlsx processed and filtered successfully.
2024-08-27 01:00:28 - 2024-08-27 01:00:28 - P2. Processing - Success: M0100_0123_5_pos_4_01_288.xlsx processed and filtered successfully.
2024-08-27 01:00:28 - 2024-08-27 01:00:28 - P2. Processing - Success: M0101_0123_5_pos_14_01_293.xlsx processed and filtered successfully.
2024-08-27 01:00:28 - 2024-08-27 01:00:28 - P2. Processing - Success: M0102_0123_5_pos_5_01_289.xlsx processed and filtered successfully.
2024-08-27 01:00:28 - 2024-08-27 01:00:28 - P2. Processing - Success: M0117_0123_5_pos_1_01_285.xlsx processed and filtered successfully.
2024-08-27 01:00:30 - 2024-08-27 01:00:30 - P1. Upload     - Number of samples displayed: 3
2024-08-27 01:00:30 - 2024-08-27 01:00:30 - P2. Processing - Success: M0102_example file.xlsx processed and filtered successfully.
2024-08-27 01:00:30 - 2024-08-27 01:00:30 - P2. Processing - Success: M0055_0123_5_pos_2_01_286.xlsx processed and filtered successfully.
2024-08-27 01:00:30 - 2024-08-27 01:00:30 - P2. Processing - Success: M0072_0123_5_pos_13_01_292.xlsx processed and filtered successfully.
2024-08-27 01:00:30 - 2024-08-27 01:00:30 - P2. Processing - Success: M0082_0123_5_pos_6_01_291.xlsx processed and filtered successfully.
2024-08-27 01:00:30 - 2024-08-27 01:00:30 - P2. Processing - Success: M0100_0123_5_pos_4_01_288.xlsx processed and filtered successfully.
2024-08-27 01:00:30 - 2024-08-27 01:00:30 - P2. Processing - Success: M0101_0123_5_pos_14_01_293.xlsx processed and filtered successfully.
2024-08-27 01:00:31 - 2024-08-27 01:00:31 - P2. Processing - Success: M0102_0123_5_pos_5_01_289.xlsx processed and filtered successfully.
2024-08-27 01:00:31 - 2024-08-27 01:00:31 - P2. Processing - Success: M0117_0123_5_pos_1_01_285.xlsx processed and filtered successfully.
2024-08-27 01:00:32 - 2024-08-27 01:00:32 - P1. Upload     - Number of samples displayed: 2
2024-08-27 01:00:32 - 2024-08-27 01:00:32 - P2. Processing - Success: M0102_example file.xlsx processed and filtered successfully.
2024-08-27 01:00:33 - 2024-08-27 01:00:33 - P2. Processing - Success: M0055_0123_5_pos_2_01_286.xlsx processed and filtered successfully.
2024-08-27 01:00:33 - 2024-08-27 01:00:33 - P2. Processing - Success: M0072_0123_5_pos_13_01_292.xlsx processed and filtered successfully.
2024-08-27 01:00:33 - 2024-08-27 01:00:33 - P2. Processing - Success: M0082_0123_5_pos_6_01_291.xlsx processed and filtered successfully.
2024-08-27 01:00:33 - 2024-08-27 01:00:33 - P2. Processing - Success: M0100_0123_5_pos_4_01_288.xlsx processed and filtered successfully.
2024-08-27 01:00:33 - 2024-08-27 01:00:33 - P2. Processing - Success: M0101_0123_5_pos_14_01_293.xlsx processed and filtered successfully.
2024-08-27 01:00:33 - 2024-08-27 01:00:33 - P2. Processing - Success: M0102_0123_5_pos_5_01_289.xlsx processed and filtered successfully.
2024-08-27 01:00:33 - 2024-08-27 01:00:33 - P2. Processing - Success: M0117_0123_5_pos_1_01_285.xlsx processed and filtered successfully.
2024-08-27 01:01:05 - 2024-08-27 01:01:05 - P1. Upload     - Number of samples displayed: 2
2024-08-27 01:01:06 - 2024-08-27 01:01:06 - P2. Processing - Success: M0102_example file.xlsx processed and filtered successfully.
2024-08-27 01:01:06 - 2024-08-27 01:01:06 - P2. Processing - Success: M0055_0123_5_pos_2_01_286.xlsx processed and filtered successfully.
2024-08-27 01:01:11 - 2024-08-27 01:01:11 - P1. Upload     - Number of samples displayed: 3
2024-08-27 01:01:11 - 2024-08-27 01:01:11 - P2. Processing - Success: M0102_example file.xlsx processed and filtered successfully.
2024-08-27 01:01:11 - 2024-08-27 01:01:11 - P2. Processing - Success: M0055_0123_5_pos_2_01_286.xlsx processed and filtered successfully.
2024-08-27 01:01:11 - 2024-08-27 01:01:11 - P2. Processing - Success: M0072_0123_5_pos_13_01_292.xlsx processed and filtered successfully.
2024-08-27 01:01:18 - 2024-08-27 01:01:18 - P1. Upload     - Number of samples displayed: 4
2024-08-27 01:01:18 - 2024-08-27 01:01:18 - P2. Processing - Success: M0102_example file.xlsx processed and filtered successfully.
2024-08-27 01:01:18 - 2024-08-27 01:01:18 - P2. Processing - Success: M0055_0123_5_pos_2_01_286.xlsx processed and filtered successfully.
2024-08-27 01:01:18 - 2024-08-27 01:01:18 - P2. Processing - Success: M0072_0123_5_pos_13_01_292.xlsx processed and filtered successfully.
2024-08-27 01:01:18 - 2024-08-27 01:01:18 - P2. Processing - Success: M0082_0123_5_pos_6_01_291.xlsx processed and filtered successfully.
2024-08-27 01:01:35 - 2024-08-27 01:01:35 - P1. Upload     - Number of samples displayed: 3
2024-08-27 01:01:36 - 2024-08-27 01:01:36 - P2. Processing - Success: M0102_example file.xlsx processed and filtered successfully.
2024-08-27 01:01:36 - 2024-08-27 01:01:36 - P2. Processing - Success: M0055_0123_5_pos_2_01_286.xlsx processed and filtered successfully.
2024-08-27 01:01:36 - 2024-08-27 01:01:36 - P2. Processing - Success: M0072_0123_5_pos_13_01_292.xlsx processed and filtered successfully.
2024-08-27 01:01:37 - 2024-08-27 01:01:37 - P1. Upload     - Number of samples displayed: 3
2024-08-27 01:01:37 - 2024-08-27 01:01:37 - P1. Upload     - Success: Uploaded M0102_example file.xlsx data successfully.
2024-08-27 01:01:38 - 2024-08-27 01:01:38 - P1. Upload     - Success: Uploaded M0055_0123_5_pos_2_01_286.xlsx data successfully.
2024-08-27 01:01:38 - 2024-08-27 01:01:38 - P1. Upload     - Success: Uploaded M0072_0123_5_pos_13_01_292.xlsx data successfully.
2024-08-27 01:01:38 - 2024-08-27 01:01:38 - P1. Upload     - Success: Uploaded M0082_0123_5_pos_6_01_291.xlsx data successfully.
2024-08-27 01:01:38 - 2024-08-27 01:01:38 - P1. Upload     - Success: Uploaded M0100_0123_5_pos_4_01_288.xlsx data successfully.
2024-08-27 01:01:38 - 2024-08-27 01:01:38 - P1. Upload     - Success: Uploaded M0101_0123_5_pos_14_01_293.xlsx data successfully.
2024-08-27 01:01:38 - 2024-08-27 01:01:38 - P1. Upload     - Success: Uploaded M0102_0123_5_pos_5_01_289.xlsx data successfully.
2024-08-27 01:01:38 - 2024-08-27 01:01:38 - P1. Upload     - Success: Uploaded M0117_0123_5_pos_1_01_285.xlsx data successfully.
2024-08-27 01:01:38 - 2024-08-27 01:01:38 - P1. Upload     - Accessed Manage Config Page
2024-08-27 01:01:38 - 2024-08-27 01:01:38 - P1. Upload     - Number of samples displayed: 3
2024-08-27 01:01:39 - 2024-08-27 01:01:39 - P2. Processing - Success: M0102_example file.xlsx processed and filtered successfully.
2024-08-27 01:01:39 - 2024-08-27 01:01:39 - P2. Processing - Success: M0055_0123_5_pos_2_01_286.xlsx processed and filtered successfully.
2024-08-27 01:01:39 - 2024-08-27 01:01:39 - P2. Processing - Success: M0072_0123_5_pos_13_01_292.xlsx processed and filtered successfully.
2024-08-27 01:01:40 - 2024-08-27 01:01:40 - P1. Upload     - Number of samples displayed: 3
2024-08-27 01:01:40 - 2024-08-27 01:01:40 - P3. Download   - Failed: Error during file processing. Error: Invalid file path or buffer object type: <class 'list'>
2024-08-27 01:01:40 - 2024-08-27 01:01:40 - P1. Upload     - Number of samples displayed: 3
2024-08-27 01:01:41 - 2024-08-27 01:01:41 - P2. Processing - Success: M0102_example file.xlsx processed and filtered successfully.
2024-08-27 01:01:41 - 2024-08-27 01:01:41 - P2. Processing - Success: M0055_0123_5_pos_2_01_286.xlsx processed and filtered successfully.
2024-08-27 01:01:41 - 2024-08-27 01:01:41 - P2. Processing - Success: M0072_0123_5_pos_13_01_292.xlsx processed and filtered successfully.
2024-08-27 01:01:42 - 2024-08-27 01:01:42 - P1. Upload     - Number of samples displayed: 3
2024-08-27 01:01:42 - 2024-08-27 01:01:42 - P1. Upload     - Success: Uploaded M0102_example file.xlsx data successfully.
2024-08-27 01:01:42 - 2024-08-27 01:01:42 - P1. Upload     - Success: Uploaded M0055_0123_5_pos_2_01_286.xlsx data successfully.
2024-08-27 01:01:42 - 2024-08-27 01:01:42 - P1. Upload     - Success: Uploaded M0072_0123_5_pos_13_01_292.xlsx data successfully.
2024-08-27 01:01:42 - 2024-08-27 01:01:42 - P1. Upload     - Success: Uploaded M0082_0123_5_pos_6_01_291.xlsx data successfully.
2024-08-27 01:01:42 - 2024-08-27 01:01:42 - P1. Upload     - Number of samples displayed: 3
2024-08-27 01:01:42 - 2024-08-27 01:01:42 - P1. Upload     - Success: Uploaded M0100_0123_5_pos_4_01_288.xlsx data successfully.
2024-08-27 01:01:42 - 2024-08-27 01:01:42 - P1. Upload     - Success: Uploaded M0101_0123_5_pos_14_01_293.xlsx data successfully.
2024-08-27 01:01:42 - 2024-08-27 01:01:42 - P1. Upload     - Success: Uploaded M0102_0123_5_pos_5_01_289.xlsx data successfully.
2024-08-27 01:01:43 - 2024-08-27 01:01:43 - P2. Processing - Success: M0102_example file.xlsx processed and filtered successfully.
2024-08-27 01:01:43 - 2024-08-27 01:01:43 - P1. Upload     - Success: Uploaded M0117_0123_5_pos_1_01_285.xlsx data successfully.
2024-08-27 01:01:43 - 2024-08-27 01:01:43 - P1. Upload     - Accessed Manage Config Page
2024-08-27 01:01:43 - 2024-08-27 01:01:43 - P2. Processing - Success: M0055_0123_5_pos_2_01_286.xlsx processed and filtered successfully.
2024-08-27 01:01:43 - 2024-08-27 01:01:43 - P2. Processing - Success: M0072_0123_5_pos_13_01_292.xlsx processed and filtered successfully.
2024-08-27 01:01:45 - 2024-08-27 01:01:45 - P1. Upload     - Number of samples displayed: 3
2024-08-27 01:01:45 - 2024-08-27 01:01:45 - P1. Upload     - Number of samples displayed: 3
2024-08-27 01:01:45 - 2024-08-27 01:01:45 - P1. Upload     - Number of samples displayed: 3
2024-08-27 01:01:46 - 2024-08-27 01:01:46 - P1. Upload     - Number of samples displayed: 3
2024-08-27 01:01:46 - 2024-08-27 01:01:46 - P1. Upload     - Number of samples displayed: 3
2024-08-27 01:01:46 - 2024-08-27 01:01:46 - P1. Upload     - Number of samples displayed: 3
2024-08-27 01:01:46 - 2024-08-27 01:01:46 - P1. Upload     - Number of samples displayed: 3
2024-08-27 01:01:46 - 2024-08-27 01:01:46 - P1. Upload     - Number of samples displayed: 3
2024-08-27 01:01:48 - 2024-08-27 01:01:48 - P1. Upload     - Number of samples displayed: 3
2024-08-27 01:01:49 - 2024-08-27 01:01:49 - P1. Upload     - Number of samples displayed: 3
2024-08-27 01:01:50 - 2024-08-27 01:01:50 - P1. Upload     - Number of samples displayed: 3
2024-08-27 01:01:51 - 2024-08-27 01:01:51 - P1. Upload     - Number of samples displayed: 3
2024-08-27 01:02:51 - 2024-08-27 01:02:51 - P1. Upload     - Number of samples displayed: 3
2024-08-27 01:02:51 - 2024-08-27 01:02:51 - P1. Upload     - Failed: No file uploaded.
2024-08-27 01:03:59 - 2024-08-27 01:03:59 - P1. Upload     - Number of samples displayed: 3
2024-08-27 01:03:59 - 2024-08-27 01:03:59 - P2. Processing - Failed: No file uploaded.
2024-08-27 01:07:00 - 2024-08-27 01:07:00 - P1. Upload     - Number of samples displayed: 3
2024-08-27 01:07:00 - 2024-08-27 01:07:00 - P3. Download   - Failed: No file uploaded for processing
2024-08-27 01:07:02 - 2024-08-27 01:07:02 - P1. Upload     - Number of samples displayed: 3
2024-08-27 01:07:02 - 2024-08-27 01:07:02 - P2. Processing - Failed: No file uploaded for processing
2024-08-27 01:07:03 - 2024-08-27 01:07:03 - P1. Upload     - Number of samples displayed: 3
2024-08-27 01:07:03 - 2024-08-27 01:07:03 - P1. Upload     - Failed: No file uploaded.
2024-08-27 01:09:07 - 2024-08-27 01:09:07 - P1. Upload     - Number of samples displayed: 3
2024-08-27 01:09:08 - 2024-08-27 01:09:08 - P1. Upload     - Success: Uploaded 38-M_0127_6_pos_15_01_358.xlsx data successfully.
2024-08-27 01:09:08 - 2024-08-27 01:09:08 - P1. Upload     - Accessed Manage Config Page
2024-08-27 01:09:41 - 2024-08-27 01:09:41 - P1. Upload     - Number of samples displayed: 3
2024-08-27 01:09:43 - 2024-08-27 01:09:43 - P3. Download   - Success: Processed and exported results for file /38-M_0127_6_pos_15_01_358_output.xlsx
2024-08-27 01:10:07 - 2024-08-27 01:10:07 - P1. Upload     - Number of samples displayed: 3
2024-08-27 01:10:07 - 2024-08-27 01:10:07 - P2. Processing - Success: 38-M_0127_6_pos_15_01_358.xlsx processed and filtered successfully.
2024-08-27 01:10:08 - 2024-08-27 01:10:08 - P1. Upload     - Number of samples displayed: 3
2024-08-27 01:10:10 - 2024-08-27 01:10:10 - P3. Download   - Success: Processed and exported results for file /38-M_0127_6_pos_15_01_358_output.xlsx
2024-08-27 01:10:34 - 2024-08-27 01:10:34 - P1. Upload     - Number of samples displayed: 3
2024-08-27 01:10:36 - 2024-08-27 01:10:36 - P3. Download   - Success: Processed and exported results for file /38-M_0127_6_pos_15_01_358_output.xlsx
2024-08-27 01:10:39 - 2024-08-27 01:10:39 - P1. Upload     - Number of samples displayed: 3
2024-08-27 01:10:41 - 2024-08-27 01:10:41 - P3. Download   - Success: Processed and exported results for file /38-M_0127_6_pos_15_01_358_output.xlsx
2024-08-27 01:10:52 - 2024-08-27 01:10:52 - P1. Upload     - Number of samples displayed: 3
2024-08-27 01:10:54 - 2024-08-27 01:10:54 - P3. Download   - Success: Processed and exported results for file /38-M_0127_6_pos_15_01_358_output.xlsx
2024-08-27 01:10:56 - 2024-08-27 01:10:56 - P3. Download   - Success: Processed and exported results for file /38-M_0127_6_pos_15_01_358_output.xlsx
2024-08-27 01:10:57 - 2024-08-27 01:10:57 - P3. Download   - Success: Processed and exported results for file /39-M_0127_6_pos_2_01_350_output.xlsx
2024-08-27 01:10:59 - 2024-08-27 01:10:59 - P3. Download   - Success: Processed and exported results for file /42-M_0127_6_pos_6_01_355_output.xlsx
2024-08-27 01:11:00 - 2024-08-27 01:11:00 - P3. Download   - Success: Processed and exported results for file /44-M_0127_6_pos_5_01_353_output.xlsx
2024-08-27 01:11:01 - 2024-08-27 01:11:01 - P3. Download   - Success: Processed and exported results for file /45-M_0127_6_pos_14_01_357_output.xlsx
2024-08-27 01:11:03 - 2024-08-27 01:11:03 - P3. Download   - Success: Processed and exported results for file /46-M_0127_6_pos_4_01_352_output.xlsx
2024-08-27 01:11:04 - 2024-08-27 01:11:04 - P3. Download   - Success: Processed and exported results for file /50-M_0127_6_pos_16_01_359_output.xlsx
2024-08-27 01:11:05 - 2024-08-27 01:11:05 - P3. Download   - Success: Processed and exported results for file /M0007_0123_5_pos_3_01_287_output.xlsx
2024-08-27 01:11:06 - 2024-08-27 01:11:06 - P3. Download   - Success: Processed and exported results for file /M0018_0123_5_pos_16_01_295_output.xlsx
2024-08-27 01:11:07 - 2024-08-27 01:11:07 - P3. Download   - Success: Processed and exported results for file /M0033_0123_5_pos_15_01_294_output.xlsx
2024-08-27 01:11:09 - 2024-08-27 01:11:09 - P3. Download   - Success: Processed and exported results for file /M0055_0123_5_pos_2_01_286_output.xlsx
2024-08-27 01:11:10 - 2024-08-27 01:11:10 - P3. Download   - Success: Processed and exported results for file /M0072_0123_5_pos_13_01_292_output.xlsx
2024-08-27 01:11:11 - 2024-08-27 01:11:11 - P3. Download   - Success: Processed and exported results for file /M0082_0123_5_pos_6_01_291_output.xlsx
2024-08-27 01:11:11 - 2024-08-27 01:11:11 - P3. Download   - Success: Processed and exported results for file /M0100_0123_5_pos_4_01_288_output.xlsx
2024-08-27 01:11:13 - 2024-08-27 01:11:13 - P3. Download   - Success: Processed and exported results for file /M0101_0123_5_pos_14_01_293_output.xlsx
2024-08-27 01:11:13 - 2024-08-27 01:11:13 - P3. Download   - Success: Processed and exported results for file /M0102_0123_5_pos_5_01_289_output.xlsx
2024-08-27 01:11:15 - 2024-08-27 01:11:15 - P3. Download   - Success: Processed and exported results for file /M0117_0123_5_pos_1_01_285_output.xlsx
2024-08-27 01:13:17 - 2024-08-27 01:13:17 - P1. Upload     - Number of samples displayed: 3
2024-08-27 01:13:19 - 2024-08-27 01:13:19 - P3. Download   - Success: Processed and exported results for file /38-M_0127_6_pos_15_01_358_output.xlsx
2024-08-27 01:13:20 - 2024-08-27 01:13:20 - P3. Download   - Success: Processed and exported results for file /38-M_0127_6_pos_15_01_358_output.xlsx
2024-08-27 01:13:22 - 2024-08-27 01:13:22 - P3. Download   - Success: Processed and exported results for file /39-M_0127_6_pos_2_01_350_output.xlsx
2024-08-27 01:13:23 - 2024-08-27 01:13:23 - P3. Download   - Success: Processed and exported results for file /42-M_0127_6_pos_6_01_355_output.xlsx
2024-08-27 01:13:24 - 2024-08-27 01:13:24 - P3. Download   - Success: Processed and exported results for file /44-M_0127_6_pos_5_01_353_output.xlsx
2024-08-27 01:13:26 - 2024-08-27 01:13:26 - P3. Download   - Success: Processed and exported results for file /45-M_0127_6_pos_14_01_357_output.xlsx
2024-08-27 01:13:27 - 2024-08-27 01:13:27 - P3. Download   - Success: Processed and exported results for file /46-M_0127_6_pos_4_01_352_output.xlsx
2024-08-27 01:13:28 - 2024-08-27 01:13:28 - P3. Download   - Success: Processed and exported results for file /50-M_0127_6_pos_16_01_359_output.xlsx
2024-08-27 01:13:29 - 2024-08-27 01:13:29 - P3. Download   - Success: Processed and exported results for file /M0007_0123_5_pos_3_01_287_output.xlsx
2024-08-27 01:13:30 - 2024-08-27 01:13:30 - P3. Download   - Success: Processed and exported results for file /M0018_0123_5_pos_16_01_295_output.xlsx
2024-08-27 01:13:31 - 2024-08-27 01:13:31 - P3. Download   - Success: Processed and exported results for file /M0033_0123_5_pos_15_01_294_output.xlsx
2024-08-27 01:13:32 - 2024-08-27 01:13:32 - P3. Download   - Success: Processed and exported results for file /M0055_0123_5_pos_2_01_286_output.xlsx
2024-08-27 01:13:33 - 2024-08-27 01:13:33 - P3. Download   - Success: Processed and exported results for file /M0072_0123_5_pos_13_01_292_output.xlsx
2024-08-27 01:13:34 - 2024-08-27 01:13:34 - P3. Download   - Success: Processed and exported results for file /M0082_0123_5_pos_6_01_291_output.xlsx
2024-08-27 01:13:35 - 2024-08-27 01:13:35 - P3. Download   - Success: Processed and exported results for file /M0100_0123_5_pos_4_01_288_output.xlsx
2024-08-27 01:13:36 - 2024-08-27 01:13:36 - P3. Download   - Success: Processed and exported results for file /M0101_0123_5_pos_14_01_293_output.xlsx
2024-08-27 01:13:36 - 2024-08-27 01:13:36 - P3. Download   - Success: Processed and exported results for file /M0102_0123_5_pos_5_01_289_output.xlsx
2024-08-27 01:13:38 - 2024-08-27 01:13:38 - P3. Download   - Success: Processed and exported results for file /M0117_0123_5_pos_1_01_285_output.xlsx
2024-08-27 01:21:50 - 2024-08-27 01:21:50 - P1. Upload     - Number of samples displayed: 3
2024-08-27 01:22:20 - 2024-08-27 01:22:20 - P1. Upload     - Number of samples displayed: 3
2024-08-27 01:22:22 - 2024-08-27 01:22:22 - P3. Download   - Success: Processed and exported results for file /20240827_012222_output.xlsx
2024-08-27 01:22:23 - 2024-08-27 01:22:23 - P3. Download   - Success: Processed and exported results for file /20240827_012223_output.xlsx
2024-08-27 01:22:24 - 2024-08-27 01:22:24 - P3. Download   - Success: Processed and exported results for file /20240827_012224_output.xlsx
2024-08-27 01:22:26 - 2024-08-27 01:22:26 - P3. Download   - Success: Processed and exported results for file /20240827_012226_output.xlsx
2024-08-27 01:22:27 - 2024-08-27 01:22:27 - P3. Download   - Success: Processed and exported results for file /20240827_012227_output.xlsx
2024-08-27 01:22:28 - 2024-08-27 01:22:28 - P3. Download   - Success: Processed and exported results for file /20240827_012228_output.xlsx
2024-08-27 01:22:30 - 2024-08-27 01:22:30 - P3. Download   - Success: Processed and exported results for file /20240827_012230_output.xlsx
2024-08-27 01:22:31 - 2024-08-27 01:22:31 - P3. Download   - Success: Processed and exported results for file /20240827_012231_output.xlsx
2024-08-27 01:22:32 - 2024-08-27 01:22:32 - P3. Download   - Success: Processed and exported results for file /20240827_012232_output.xlsx
2024-08-27 01:22:33 - 2024-08-27 01:22:33 - P3. Download   - Success: Processed and exported results for file /20240827_012233_output.xlsx
2024-08-27 01:22:34 - 2024-08-27 01:22:34 - P3. Download   - Success: Processed and exported results for file /20240827_012234_output.xlsx
2024-08-27 01:22:35 - 2024-08-27 01:22:35 - P3. Download   - Success: Processed and exported results for file /20240827_012235_output.xlsx
2024-08-27 01:22:36 - 2024-08-27 01:22:36 - P3. Download   - Success: Processed and exported results for file /20240827_012236_output.xlsx
2024-08-27 01:22:37 - 2024-08-27 01:22:37 - P3. Download   - Success: Processed and exported results for file /20240827_012237_output.xlsx
2024-08-27 01:22:38 - 2024-08-27 01:22:38 - P3. Download   - Success: Processed and exported results for file /20240827_012238_output.xlsx
2024-08-27 01:22:39 - 2024-08-27 01:22:39 - P3. Download   - Success: Processed and exported results for file /20240827_012239_output.xlsx
2024-08-27 01:22:40 - 2024-08-27 01:22:40 - P3. Download   - Success: Processed and exported results for file /20240827_012240_output.xlsx
2024-08-27 01:22:41 - 2024-08-27 01:22:41 - P3. Download   - Success: Processed and exported results for file /20240827_012241_output.xlsx
2024-08-27 01:22:55 - 2024-08-27 01:22:55 - P1. Upload     - Number of samples displayed: 3
2024-08-27 01:23:13 - 2024-08-27 01:23:13 - P3. Download   - Success: Processed and exported results for file /20240827_012313_output.xlsx
2024-08-27 01:23:17 - 2024-08-27 01:23:17 - P1. Upload     - Number of samples displayed: 3
2024-08-27 01:23:33 - 2024-08-27 01:23:33 - P3. Download   - Success: Processed and exported results for file /20240827_012333_output.xlsx
2024-08-27 01:24:39 - 2024-08-27 01:24:39 - P1. Upload     - Number of samples displayed: 3
2024-08-27 01:24:39 - 2024-08-27 01:24:39 - P1. Upload     - Failed: No file uploaded.
2024-08-27 01:24:39 - 2024-08-27 01:24:39 - P1. Upload     - Number of samples displayed: 3
2024-08-27 01:24:39 - 2024-08-27 01:24:39 - P1. Upload     - Failed: No file uploaded.
2024-08-27 01:24:41 - 2024-08-27 01:24:41 - P1. Upload     - Number of samples displayed: 3
2024-08-27 01:24:41 - 2024-08-27 01:24:41 - P2. Processing - Failed: No file uploaded for processing
2024-08-27 01:24:42 - 2024-08-27 01:24:42 - P1. Upload     - Number of samples displayed: 3
2024-08-27 01:24:42 - 2024-08-27 01:24:42 - P3. Download   - Failed: No file uploaded for processing
2024-08-27 01:24:52 - 2024-08-27 01:24:52 - P1. Upload     - Number of samples displayed: 3
2024-08-27 01:24:52 - 2024-08-27 01:24:52 - P1. Upload     - Failed: No file uploaded.
2024-08-27 01:24:54 - 2024-08-27 01:24:54 - P1. Upload     - Number of samples displayed: 3
2024-08-27 01:24:54 - 2024-08-27 01:24:54 - P2. Processing - Failed: No file uploaded for processing
2024-08-27 01:24:55 - 2024-08-27 01:24:55 - P1. Upload     - Number of samples displayed: 3
2024-08-27 01:24:55 - 2024-08-27 01:24:55 - P3. Download   - Failed: No file uploaded for processing
2024-08-27 01:25:51 - 2024-08-27 01:25:51 - P1. Upload     - Number of samples displayed: 3
2024-08-27 01:25:51 - 2024-08-27 01:25:51 - P3. Download   - Failed: No file uploaded for processing
2024-08-27 01:25:52 - 2024-08-27 01:25:52 - P1. Upload     - Number of samples displayed: 3
2024-08-27 01:25:52 - 2024-08-27 01:25:52 - P2. Processing - Failed: No file uploaded for processing
2024-08-27 01:25:53 - 2024-08-27 01:25:53 - P1. Upload     - Number of samples displayed: 3
2024-08-27 01:25:53 - 2024-08-27 01:25:53 - P3. Download   - Failed: No file uploaded for processing
2024-08-27 01:25:54 - 2024-08-27 01:25:54 - P1. Upload     - Number of samples displayed: 3
2024-08-27 01:25:54 - 2024-08-27 01:25:54 - P1. Upload     - Failed: No file uploaded.
2024-08-27 01:25:54 - 2024-08-27 01:25:54 - P1. Upload     - Number of samples displayed: 3
2024-08-27 01:25:54 - 2024-08-27 01:25:54 - P3. Download   - Failed: No file uploaded for processing
2024-08-27 01:25:56 - 2024-08-27 01:25:56 - P1. Upload     - Number of samples displayed: 3
2024-08-27 01:25:56 - 2024-08-27 01:25:56 - P1. Upload     - Failed: No file uploaded.
2024-08-27 01:26:01 - 2024-08-27 01:26:01 - P1. Upload     - Number of samples displayed: 3
2024-08-27 01:26:01 - 2024-08-27 01:26:01 - P1. Upload     - Success: Uploaded M0100_0123_5_pos_4_01_288.xlsx data successfully.
2024-08-27 01:26:01 - 2024-08-27 01:26:01 - P1. Upload     - Success: Uploaded M0101_0123_5_pos_14_01_293.xlsx data successfully.
2024-08-27 01:26:01 - 2024-08-27 01:26:01 - P1. Upload     - Success: Uploaded M0102_0123_5_pos_5_01_289.xlsx data successfully.
2024-08-27 01:26:02 - 2024-08-27 01:26:02 - P1. Upload     - Success: Uploaded M0117_0123_5_pos_1_01_285.xlsx data successfully.
2024-08-27 01:26:02 - 2024-08-27 01:26:02 - P1. Upload     - Accessed Manage Config Page
2024-08-27 01:26:04 - 2024-08-27 01:26:04 - P1. Upload     - Number of samples displayed: 3
2024-08-27 01:26:09 - 2024-08-27 01:26:09 - P3. Download   - Success: Processed and exported results for file /20240827_012609_output.xlsx
2024-08-27 01:27:37 - 2024-08-27 01:27:37 - P1. Upload     - Number of samples displayed: 3
2024-08-27 01:27:37 - 2024-08-27 01:27:37 - P1. Upload     - Number of samples displayed: 3
2024-08-27 01:27:37 - 2024-08-27 01:27:37 - P2. Processing - Failed: No file uploaded for processing
2024-08-27 01:27:38 - 2024-08-27 01:27:38 - P1. Upload     - Number of samples displayed: 3
2024-08-27 01:27:38 - 2024-08-27 01:27:38 - P1. Upload     - Failed: No file uploaded.
2024-08-27 01:27:44 - 2024-08-27 01:27:44 - P1. Upload     - Number of samples displayed: 3
2024-08-27 01:27:45 - 2024-08-27 01:27:45 - P1. Upload     - Success: Uploaded M0082_0123_5_pos_6_01_291.xlsx data successfully.
2024-08-27 01:27:45 - 2024-08-27 01:27:45 - P1. Upload     - Success: Uploaded M0100_0123_5_pos_4_01_288.xlsx data successfully.
2024-08-27 01:27:45 - 2024-08-27 01:27:45 - P1. Upload     - Success: Uploaded M0101_0123_5_pos_14_01_293.xlsx data successfully.
2024-08-27 01:27:45 - 2024-08-27 01:27:45 - P1. Upload     - Success: Uploaded M0102_0123_5_pos_5_01_289.xlsx data successfully.
2024-08-27 01:27:45 - 2024-08-27 01:27:45 - P1. Upload     - Success: Uploaded M0117_0123_5_pos_1_01_285.xlsx data successfully.
2024-08-27 01:27:45 - 2024-08-27 01:27:45 - P1. Upload     - Accessed Manage Config Page
2024-08-27 01:27:45 - 2024-08-27 01:27:45 - P1. Upload     - Number of samples displayed: 3
2024-08-27 01:27:52 - 2024-08-27 01:27:52 - P3. Download   - Success: Processed and exported results for file /20240827_012752_output.xlsx
2024-08-27 01:29:39 - 2024-08-27 01:29:39 - P1. Upload     - Number of samples displayed: 3
2024-08-27 01:29:39 - 2024-08-27 01:29:39 - P2. Processing - Failed: No file uploaded for processing
2024-08-27 01:29:39 - 2024-08-27 01:29:39 - P1. Upload     - Number of samples displayed: 3
2024-08-27 01:29:39 - 2024-08-27 01:29:39 - P2. Processing - Failed: No file uploaded for processing
2024-08-27 01:29:45 - 2024-08-27 01:29:45 - P1. Upload     - Number of samples displayed: 3
2024-08-27 01:29:46 - 2024-08-27 01:29:46 - P2. Processing - Success: 38-M_0127_6_pos_15_01_358.xlsx processed and filtered successfully.
2024-08-27 01:29:46 - 2024-08-27 01:29:46 - P2. Processing - Success: 39-M_0127_6_pos_2_01_350.xlsx processed and filtered successfully.
2024-08-27 01:29:46 - 2024-08-27 01:29:46 - P2. Processing - Success: 42-M_0127_6_pos_6_01_355.xlsx processed and filtered successfully.
2024-08-27 01:29:48 - 2024-08-27 01:29:48 - P1. Upload     - Number of samples displayed: 3
2024-08-27 01:30:05 - 2024-08-27 01:30:05 - P3. Download   - Success: Processed and exported results for file /20240827_013005_output.xlsx
2024-08-27 01:30:51 - 2024-08-27 01:30:51 - P1. Upload     - Number of samples displayed: 3
2024-08-27 01:31:18 - 2024-08-27 01:31:18 - P1. Upload     - Number of samples displayed: 3
2024-08-27 01:37:52 - 2024-08-27 01:37:52 - P1. Upload     - Number of samples displayed: 3
2024-08-27 01:37:52 - 2024-08-27 01:37:52 - P1. Upload     - Failed: No file uploaded.
2024-08-27 01:38:05 - 2024-08-27 01:38:05 - P1. Upload     - Number of samples displayed: 3
2024-08-27 01:38:06 - 2024-08-27 01:38:06 - P1. Upload     - Success: Uploaded 50-M_0127_6_pos_16_01_359.xlsx data successfully.
2024-08-27 01:38:06 - 2024-08-27 01:38:06 - P1. Upload     - Accessed Manage Config Page
2024-08-27 01:38:07 - 2024-08-27 01:38:07 - P1. Upload     - Number of samples displayed: 3
2024-08-27 01:38:09 - 2024-08-27 01:38:09 - P3. Download   - Success: Processed and exported results for file /20240827_013809_output.xlsx
2024-08-27 01:38:17 - 2024-08-27 01:38:17 - P1. Upload     - Number of samples displayed: 3
2024-08-27 01:38:19 - 2024-08-27 01:38:19 - P3. Download   - Success: Processed and exported results for file /20240827_013819_output.xlsx
2024-08-27 01:38:34 - 2024-08-27 01:38:34 - P1. Upload     - Number of samples displayed: 3
2024-08-27 01:38:36 - 2024-08-27 01:38:36 - P3. Download   - Success: Processed and exported results for file /20240827_013836_output.xlsx
2024-08-27 01:38:39 - 2024-08-27 01:38:39 - P1. Upload     - Number of samples displayed: 3
2024-08-27 01:38:40 - 2024-08-27 01:38:40 - P3. Download   - Success: Processed and exported results for file /20240827_013840_output.xlsx
2024-08-27 01:38:42 - 2024-08-27 01:38:42 - P1. Upload     - Number of samples displayed: 3
2024-08-27 01:38:42 - 2024-08-27 01:38:42 - P3. Download   - Failed: No file uploaded for processing
2024-08-27 01:39:34 - 2024-08-27 01:39:34 - P1. Upload     - Number of samples displayed: 3
2024-08-27 01:39:35 - 2024-08-27 01:39:35 - P3. Download   - Success: Processed and exported results for file /20240827_013935_output.xlsx
2024-08-27 01:42:44 - 2024-08-27 01:42:44 - P1. Upload     - Number of samples displayed: 3
2024-08-27 01:42:45 - 2024-08-27 01:42:45 - P3. Download   - Success: Processed and exported results for file /20240827_014245_output.xlsx
2024-08-27 01:42:58 - 2024-08-27 01:42:58 - P1. Upload     - Number of samples displayed: 3
2024-08-27 01:42:58 - 2024-08-27 01:42:58 - P2. Processing - Success: 50-M_0127_6_pos_16_01_359.xlsx processed and filtered successfully.
2024-08-27 01:42:59 - 2024-08-27 01:42:59 - P1. Upload     - Number of samples displayed: 3
2024-08-27 01:42:59 - 2024-08-27 01:42:59 - P1. Upload     - Success: Uploaded 50-M_0127_6_pos_16_01_359.xlsx data successfully.
2024-08-27 01:42:59 - 2024-08-27 01:42:59 - P1. Upload     - Accessed Manage Config Page
2024-08-27 01:44:37 - 2024-08-27 01:44:37 - P1. Upload     - Number of samples displayed: 3
2024-08-27 01:44:37 - 2024-08-27 01:44:37 - P3. Download   - Failed: No file uploaded for processing
2024-08-27 01:44:58 - 2024-08-27 01:44:58 - P1. Upload     - Number of samples displayed: 3
2024-08-27 01:44:58 - 2024-08-27 01:44:58 - P2. Processing - Failed: No file uploaded for processing
2024-08-27 01:45:00 - 2024-08-27 01:45:00 - P1. Upload     - Number of samples displayed: 3
2024-08-27 01:45:00 - 2024-08-27 01:45:00 - P1. Upload     - Failed: No file uploaded.
2024-08-27 01:45:02 - 2024-08-27 01:45:02 - P1. Upload     - Number of samples displayed: 3
2024-08-27 01:45:02 - 2024-08-27 01:45:02 - P3. Download   - Failed: No file uploaded for processing
2024-08-27 01:45:03 - 2024-08-27 01:45:03 - P1. Upload     - Number of samples displayed: 3
2024-08-27 01:45:03 - 2024-08-27 01:45:03 - P2. Processing - Failed: No file uploaded for processing
2024-08-27 01:45:06 - 2024-08-27 01:45:06 - P1. Upload     - Number of samples displayed: 3
2024-08-27 01:45:06 - 2024-08-27 01:45:06 - P1. Upload     - Failed: No file uploaded.
2024-08-27 01:45:15 - 2024-08-27 01:45:15 - P1. Upload     - Number of samples displayed: 3
2024-08-27 01:45:15 - 2024-08-27 01:45:15 - P1. Upload     - Success: Uploaded 38-M_0127_6_pos_15_01_358.xlsx data successfully.
2024-08-27 01:45:15 - 2024-08-27 01:45:15 - P1. Upload     - Success: Uploaded 39-M_0127_6_pos_2_01_350.xlsx data successfully.
2024-08-27 01:45:15 - 2024-08-27 01:45:15 - P1. Upload     - Success: Uploaded 42-M_0127_6_pos_6_01_355.xlsx data successfully.
2024-08-27 01:45:15 - 2024-08-27 01:45:15 - P1. Upload     - Success: Uploaded 44-M_0127_6_pos_5_01_353.xlsx data successfully.
2024-08-27 01:45:16 - 2024-08-27 01:45:16 - P1. Upload     - Success: Uploaded 45-M_0127_6_pos_14_01_357.xlsx data successfully.
2024-08-27 01:45:16 - 2024-08-27 01:45:16 - P1. Upload     - Success: Uploaded 46-M_0127_6_pos_4_01_352.xlsx data successfully.
2024-08-27 01:45:16 - 2024-08-27 01:45:16 - P1. Upload     - Success: Uploaded 50-M_0127_6_pos_16_01_359.xlsx data successfully.
2024-08-27 01:45:16 - 2024-08-27 01:45:16 - P1. Upload     - Success: Uploaded M0007_0123_5_pos_3_01_287.xlsx data successfully.
2024-08-27 01:45:16 - 2024-08-27 01:45:16 - P1. Upload     - Success: Uploaded M0018_0123_5_pos_16_01_295.xlsx data successfully.
2024-08-27 01:45:16 - 2024-08-27 01:45:16 - P1. Upload     - Success: Uploaded M0033_0123_5_pos_15_01_294.xlsx data successfully.
2024-08-27 01:45:16 - 2024-08-27 01:45:16 - P1. Upload     - Success: Uploaded M0055_0123_5_pos_2_01_286.xlsx data successfully.
2024-08-27 01:45:16 - 2024-08-27 01:45:16 - P1. Upload     - Success: Uploaded M0072_0123_5_pos_13_01_292.xlsx data successfully.
2024-08-27 01:45:16 - 2024-08-27 01:45:16 - P1. Upload     - Success: Uploaded M0082_0123_5_pos_6_01_291.xlsx data successfully.
2024-08-27 01:45:16 - 2024-08-27 01:45:16 - P1. Upload     - Success: Uploaded M0100_0123_5_pos_4_01_288.xlsx data successfully.
2024-08-27 01:45:16 - 2024-08-27 01:45:16 - P1. Upload     - Success: Uploaded M0101_0123_5_pos_14_01_293.xlsx data successfully.
2024-08-27 01:45:16 - 2024-08-27 01:45:16 - P1. Upload     - Success: Uploaded M0102_0123_5_pos_5_01_289.xlsx data successfully.
2024-08-27 01:45:17 - 2024-08-27 01:45:17 - P1. Upload     - Success: Uploaded M0117_0123_5_pos_1_01_285.xlsx data successfully.
2024-08-27 01:45:17 - 2024-08-27 01:45:17 - P1. Upload     - Accessed Manage Config Page
2024-08-27 01:45:20 - 2024-08-27 01:45:20 - P1. Upload     - Number of samples displayed: 3
2024-08-27 01:45:38 - 2024-08-27 01:45:38 - P3. Download   - Success: Processed and exported results for file /20240827_014538_output.xlsx
2024-08-27 01:46:30 - 2024-08-27 01:46:30 - P1. Upload     - Number of samples displayed: 3
2024-08-27 01:46:30 - 2024-08-27 01:46:30 - P2. Processing - Success: 38-M_0127_6_pos_15_01_358.xlsx processed and filtered successfully.
2024-08-27 01:46:30 - 2024-08-27 01:46:30 - P2. Processing - Success: 39-M_0127_6_pos_2_01_350.xlsx processed and filtered successfully.
2024-08-27 01:46:30 - 2024-08-27 01:46:30 - P2. Processing - Success: 42-M_0127_6_pos_6_01_355.xlsx processed and filtered successfully.
2024-08-27 01:46:35 - 2024-08-27 01:46:35 - P1. Upload     - Number of samples displayed: 3
2024-08-27 01:46:52 - 2024-08-27 01:46:52 - P3. Download   - Success: Processed and exported results for file /20240827_014652_output.xlsx
2024-08-27 01:47:22 - 2024-08-27 01:47:22 - P1. Upload     - Number of samples displayed: 3
2024-08-27 01:47:22 - 2024-08-27 01:47:22 - P1. Upload     - Number of samples displayed: 3
2024-08-27 01:47:23 - 2024-08-27 01:47:23 - P1. Upload     - Number of samples displayed: 3
2024-08-27 01:47:23 - 2024-08-27 01:47:23 - P1. Upload     - Number of samples displayed: 3
2024-08-27 01:47:23 - 2024-08-27 01:47:23 - P1. Upload     - Number of samples displayed: 3
2024-08-27 01:47:23 - 2024-08-27 01:47:23 - P1. Upload     - Number of samples displayed: 3
2024-08-27 01:47:23 - 2024-08-27 01:47:23 - P1. Upload     - Number of samples displayed: 3
2024-08-27 01:47:23 - 2024-08-27 01:47:23 - P1. Upload     - Number of samples displayed: 3
2024-08-27 01:47:23 - 2024-08-27 01:47:23 - P1. Upload     - Number of samples displayed: 3
2024-08-27 01:47:24 - 2024-08-27 01:47:24 - P1. Upload     - Number of samples displayed: 3
2024-08-27 01:47:24 - 2024-08-27 01:47:24 - P1. Upload     - Number of samples displayed: 3
2024-08-27 01:47:24 - 2024-08-27 01:47:24 - P1. Upload     - Number of samples displayed: 3
2024-08-27 01:47:24 - 2024-08-27 01:47:24 - P1. Upload     - Number of samples displayed: 3
2024-08-27 01:47:24 - 2024-08-27 01:47:24 - P1. Upload     - Number of samples displayed: 3
2024-08-27 01:47:24 - 2024-08-27 01:47:24 - P1. Upload     - Number of samples displayed: 3
2024-08-27 01:47:32 - 2024-08-27 01:47:32 - P1. Upload     - Number of samples displayed: 3
2024-08-27 01:47:36 - 2024-08-27 01:47:36 - P1. Upload     - Number of samples displayed: 3
2024-08-27 01:47:39 - 2024-08-27 01:47:39 - P1. Upload     - Number of samples displayed: 3
2024-08-27 01:48:22 - 2024-08-27 01:48:22 - P1. Upload     - Number of samples displayed: 3
2024-08-27 01:48:23 - 2024-08-27 01:48:23 - P1. Upload     - Success: Uploaded 38-M_0127_6_pos_15_01_358.xlsx data successfully.
2024-08-27 01:48:23 - 2024-08-27 01:48:23 - P1. Upload     - Success: Uploaded 39-M_0127_6_pos_2_01_350.xlsx data successfully.
2024-08-27 01:48:23 - 2024-08-27 01:48:23 - P1. Upload     - Success: Uploaded M0102_0123_5_pos_5_01_289.xlsx data successfully.
2024-08-27 01:48:23 - 2024-08-27 01:48:23 - P1. Upload     - Success: Uploaded M0117_0123_5_pos_1_01_285.xlsx data successfully.
2024-08-27 01:48:23 - 2024-08-27 01:48:23 - P1. Upload     - Accessed Manage Config Page
2024-08-27 01:48:33 - 2024-08-27 01:48:33 - P1. Upload     - Number of samples displayed: 3
2024-08-27 01:48:33 - 2024-08-27 01:48:33 - P2. Processing - Success: 38-M_0127_6_pos_15_01_358.xlsx processed and filtered successfully.
2024-08-27 01:48:33 - 2024-08-27 01:48:33 - P2. Processing - Success: 39-M_0127_6_pos_2_01_350.xlsx processed and filtered successfully.
2024-08-27 01:48:33 - 2024-08-27 01:48:33 - P2. Processing - Success: M0102_0123_5_pos_5_01_289.xlsx processed and filtered successfully.
2024-08-27 01:48:39 - 2024-08-27 01:48:39 - P1. Upload     - Number of samples displayed: 3
2024-08-27 01:48:43 - 2024-08-27 01:48:43 - P3. Download   - Success: Processed and exported results for file /20240827_014843_output.xlsx
2024-08-27 02:10:30 - 2024-08-27 02:10:30 - P1. Upload     - Number of samples displayed: 3
2024-08-27 02:10:35 - 2024-08-27 02:10:35 - P3. Download   - Success: Processed and exported results for file /app_demo/output/20240827_021035_output.zip
2024-08-27 02:10:47 - 2024-08-27 02:10:47 - P1. Upload     - Number of samples displayed: 3
2024-08-27 02:10:51 - 2024-08-27 02:10:51 - P3. Download   - Success: Processed and exported results for file /app_demo/output/20240827_021051_output.zip
2024-08-27 02:12:52 - 2024-08-27 02:12:52 - P1. Upload     - Number of samples displayed: 3
2024-08-27 02:12:57 - 2024-08-27 02:12:57 - P3. Download   - Success: Processed and exported results for file /20240827_021257_output.zip
2024-08-27 02:13:00 - 2024-08-27 02:13:00 - P1. Upload     - Number of samples displayed: 3
2024-08-27 02:13:05 - 2024-08-27 02:13:05 - P3. Download   - Success: Processed and exported results for file /20240827_021305_output.zip
2024-08-27 02:19:46 - 2024-08-27 02:19:46 - P1. Upload     - Number of samples displayed: 3
2024-08-27 02:19:46 - 2024-08-27 02:19:46 - P1. Upload     - Failed: No file uploaded.
2024-08-27 02:19:52 - 2024-08-27 02:19:52 - P1. Upload     - Number of samples displayed: 3
2024-08-27 02:19:52 - 2024-08-27 02:19:52 - P1. Upload     - Success: Uploaded M0101_0123_5_pos_14_01_293.xlsx data successfully.
2024-08-27 02:19:52 - 2024-08-27 02:19:52 - P1. Upload     - Success: Uploaded M0102_0123_5_pos_5_01_289.xlsx data successfully.
2024-08-27 02:19:52 - 2024-08-27 02:19:52 - P1. Upload     - Success: Uploaded M0117_0123_5_pos_1_01_285.xlsx data successfully.
2024-08-27 02:19:52 - 2024-08-27 02:19:52 - P1. Upload     - Accessed Manage Config Page
2024-08-27 02:19:57 - 2024-08-27 02:19:57 - P1. Upload     - Number of samples displayed: 3
2024-08-27 02:19:57 - 2024-08-27 02:19:57 - P2. Processing - Success: M0101_0123_5_pos_14_01_293.xlsx processed and filtered successfully.
2024-08-27 02:19:57 - 2024-08-27 02:19:57 - P2. Processing - Success: M0102_0123_5_pos_5_01_289.xlsx processed and filtered successfully.
2024-08-27 02:19:58 - 2024-08-27 02:19:58 - P2. Processing - Success: M0117_0123_5_pos_1_01_285.xlsx processed and filtered successfully.
2024-08-27 02:20:00 - 2024-08-27 02:20:00 - P1. Upload     - Number of samples displayed: 3
2024-08-27 02:20:04 - 2024-08-27 02:20:04 - P3. Download   - Success: Processed and exported results for file /app_demo/output/smile_20240827_022004_output.zip
2024-08-27 02:20:07 - 2024-08-27 02:20:07 - P1. Upload     - Number of samples displayed: 3
2024-08-27 02:20:09 - 2024-08-27 02:20:09 - P1. Upload     - Number of samples displayed: 3
2024-08-27 02:20:09 - 2024-08-27 02:20:09 - P1. Upload     - Failed: No file uploaded.
2024-08-27 02:20:10 - 2024-08-27 02:20:10 - P3. Download   - Success: Processed and exported results for file /app_demo/output/smile_20240827_022010_output.zip
2024-08-27 02:20:56 - 2024-08-27 02:20:56 - P1. Upload     - Number of samples displayed: 3
2024-08-27 02:20:59 - 2024-08-27 02:20:59 - P3. Download   - Success: Processed and exported results for file /app_demo/output/SMILE_20240827_022059_output.zip
2024-08-27 02:21:00 - 2024-08-27 02:21:00 - P1. Upload     - Number of samples displayed: 3
2024-08-27 02:21:03 - 2024-08-27 02:21:03 - P3. Download   - Success: Processed and exported results for file /app_demo/output/SMILE_20240827_022103_output.zip
2024-08-27 02:21:12 - 2024-08-27 02:21:12 - P1. Upload     - Number of samples displayed: 3
2024-08-27 02:21:12 - 2024-08-27 02:21:12 - P1. Upload     - Success: Uploaded M0101_0123_5_pos_14_01_293.xlsx data successfully.
2024-08-27 02:21:13 - 2024-08-27 02:21:13 - P1. Upload     - Success: Uploaded M0102_0123_5_pos_5_01_289.xlsx data successfully.
2024-08-27 02:21:13 - 2024-08-27 02:21:13 - P1. Upload     - Success: Uploaded M0117_0123_5_pos_1_01_285.xlsx data successfully.
2024-08-27 02:21:13 - 2024-08-27 02:21:13 - P1. Upload     - Accessed Manage Config Page
2024-08-27 02:21:13 - 2024-08-27 02:21:13 - P1. Upload     - Number of samples displayed: 3
2024-08-27 02:21:13 - 2024-08-27 02:21:13 - P2. Processing - Success: M0101_0123_5_pos_14_01_293.xlsx processed and filtered successfully.
2024-08-27 02:21:13 - 2024-08-27 02:21:13 - P2. Processing - Success: M0102_0123_5_pos_5_01_289.xlsx processed and filtered successfully.
2024-08-27 02:21:13 - 2024-08-27 02:21:13 - P2. Processing - Success: M0117_0123_5_pos_1_01_285.xlsx processed and filtered successfully.
2024-08-27 02:21:14 - 2024-08-27 02:21:14 - P1. Upload     - Number of samples displayed: 3
2024-08-27 02:21:17 - 2024-08-27 02:21:17 - P3. Download   - Success: Processed and exported results for file /app_demo/output/SMILE_20240827_022117_output.zip
2024-08-27 02:57:07 - 2024-08-27 02:57:07 - P1. Upload     - Number of samples displayed: 3
2024-08-27 02:57:07 - 2024-08-27 02:57:07 - P2. Processing - Failed: No file uploaded for processing
2024-08-27 02:57:08 - 2024-08-27 02:57:08 - P1. Upload     - Number of samples displayed: 3
2024-08-27 02:57:08 - 2024-08-27 02:57:08 - P3. Download   - Failed: No file uploaded for processing
2024-08-27 02:57:13 - 2024-08-27 02:57:13 - P1. Upload     - Number of samples displayed: 3
2024-08-27 02:57:16 - 2024-08-27 02:57:16 - P3. Download   - Success: Processed and exported results for file /app_demo/output/SMILE_20240827_025716_output.zip
2024-08-27 02:57:19 - 2024-08-27 02:57:19 - P1. Upload     - Number of samples displayed: 3
2024-08-27 02:57:21 - 2024-08-27 02:57:21 - P3. Download   - Success: Processed and exported results for file /app_demo/output/SMILE_20240827_025721_output.zip
2024-08-27 02:57:43 - 2024-08-27 02:57:43 - P1. Upload     - Number of samples displayed: 3
2024-08-27 02:57:44 - 2024-08-27 02:57:44 - P1. Upload     - Number of samples displayed: 3
2024-08-27 02:57:44 - 2024-08-27 02:57:44 - P3. Download   - Failed: No file uploaded for processing
2024-08-27 02:58:08 - 2024-08-27 02:58:08 - P1. Upload     - Number of samples displayed: 3
2024-08-27 02:58:08 - 2024-08-27 02:58:08 - P1. Upload     - Failed: No file uploaded.
2024-08-27 02:58:11 - 2024-08-27 02:58:11 - P1. Upload     - Number of samples displayed: 3
2024-08-27 02:58:11 - 2024-08-27 02:58:11 - P1. Upload     - Success: Uploaded M0100_0123_5_pos_4_01_288.xlsx data successfully.
2024-08-27 02:58:12 - 2024-08-27 02:58:12 - P1. Upload     - Success: Uploaded M0101_0123_5_pos_14_01_293.xlsx data successfully.
2024-08-27 02:58:12 - 2024-08-27 02:58:12 - P1. Upload     - Success: Uploaded M0102_0123_5_pos_5_01_289.xlsx data successfully.
2024-08-27 02:58:12 - 2024-08-27 02:58:12 - P1. Upload     - Success: Uploaded M0117_0123_5_pos_1_01_285.xlsx data successfully.
2024-08-27 02:58:12 - 2024-08-27 02:58:12 - P1. Upload     - Accessed Manage Config Page
2024-08-27 02:58:16 - 2024-08-27 02:58:16 - P1. Upload     - Number of samples displayed: 2
2024-08-27 02:58:16 - 2024-08-27 02:58:16 - P1. Upload     - Success: Uploaded M0100_0123_5_pos_4_01_288.xlsx data successfully.
2024-08-27 02:58:16 - 2024-08-27 02:58:16 - P1. Upload     - Number of samples displayed: 1
2024-08-27 02:58:17 - 2024-08-27 02:58:17 - P1. Upload     - Success: Uploaded M0100_0123_5_pos_4_01_288.xlsx data successfully.
2024-08-27 02:58:17 - 2024-08-27 02:58:17 - P1. Upload     - Success: Uploaded M0101_0123_5_pos_14_01_293.xlsx data successfully.
2024-08-27 02:58:17 - 2024-08-27 02:58:17 - P1. Upload     - Success: Uploaded M0102_0123_5_pos_5_01_289.xlsx data successfully.
2024-08-27 02:58:17 - 2024-08-27 02:58:17 - P1. Upload     - Success: Uploaded M0117_0123_5_pos_1_01_285.xlsx data successfully.
2024-08-27 02:58:17 - 2024-08-27 02:58:17 - P1. Upload     - Accessed Manage Config Page
2024-08-27 02:58:20 - 2024-08-27 02:58:20 - P1. Upload     - Number of samples displayed: 1
2024-08-27 02:58:25 - 2024-08-27 02:58:25 - P3. Download   - Success: Processed and exported results for file /app_demo/output/SMILE_20240827_025825_output.zip
2024-08-27 02:58:46 - 2024-08-27 02:58:46 - P1. Upload     - Number of samples displayed: 1
2024-08-27 02:58:51 - 2024-08-27 02:58:51 - P3. Download   - Success: Processed and exported results for file /app_demo/output/SMILE_20240827_025851_output.zip
2024-08-27 03:00:30 - 2024-08-27 03:00:30 - P1. Upload     - Number of samples displayed: 2
2024-08-27 03:00:31 - 2024-08-27 03:00:31 - P1. Upload     - Number of samples displayed: 2
2024-08-27 03:00:31 - 2024-08-27 03:00:31 - P1. Upload     - Success: Uploaded M0100_0123_5_pos_4_01_288.xlsx data successfully.
2024-08-27 03:00:31 - 2024-08-27 03:00:31 - P1. Upload     - Success: Uploaded M0101_0123_5_pos_14_01_293.xlsx data successfully.
2024-08-27 03:00:31 - 2024-08-27 03:00:31 - P1. Upload     - Success: Uploaded M0102_0123_5_pos_5_01_289.xlsx data successfully.
2024-08-27 03:00:32 - 2024-08-27 03:00:32 - P1. Upload     - Success: Uploaded M0117_0123_5_pos_1_01_285.xlsx data successfully.
2024-08-27 03:00:32 - 2024-08-27 03:00:32 - P1. Upload     - Accessed Manage Config Page
2024-08-27 03:00:38 - 2024-08-27 03:00:38 - P1. Upload     - Number of samples displayed: 2
2024-08-27 03:00:38 - 2024-08-27 03:00:38 - P1. Upload     - Success: Uploaded M0100_0123_5_pos_4_01_288.xlsx data successfully.
2024-08-27 03:00:38 - 2024-08-27 03:00:38 - P1. Upload     - Success: Uploaded M0101_0123_5_pos_14_01_293.xlsx data successfully.
2024-08-27 03:00:38 - 2024-08-27 03:00:38 - P1. Upload     - Success: Uploaded M0102_0123_5_pos_5_01_289.xlsx data successfully.
2024-08-27 03:00:38 - 2024-08-27 03:00:38 - P1. Upload     - Success: Uploaded M0117_0123_5_pos_1_01_285.xlsx data successfully.
2024-08-27 03:00:38 - 2024-08-27 03:00:38 - P1. Upload     - Accessed Manage Config Page
2024-08-27 03:00:38 - 2024-08-27 03:00:38 - P1. Upload     - Configuration updated successfully!
2024-08-27 03:00:41 - 2024-08-27 03:00:41 - P1. Upload     - Number of samples displayed: 2
2024-08-27 03:00:41 - 2024-08-27 03:00:41 - P2. Processing - Success: M0100_0123_5_pos_4_01_288.xlsx processed and filtered successfully.
2024-08-27 03:00:41 - 2024-08-27 03:00:41 - P2. Processing - Success: M0101_0123_5_pos_14_01_293.xlsx processed and filtered successfully.
2024-08-27 03:00:47 - 2024-08-27 03:00:47 - P1. Upload     - Number of samples displayed: 2
2024-08-27 03:00:52 - 2024-08-27 03:00:52 - P3. Download   - Success: Processed and exported results for file /app_demo/output/SMILE_20240827_030052_output.zip
2024-08-27 03:02:40 - 2024-08-27 03:02:40 - P1. Upload     - Number of samples displayed: 2
2024-08-27 03:02:41 - 2024-08-27 03:02:41 - P2. Processing - Success: M0100_0123_5_pos_4_01_288.xlsx processed and filtered successfully.
2024-08-27 03:02:41 - 2024-08-27 03:02:41 - P2. Processing - Success: M0101_0123_5_pos_14_01_293.xlsx processed and filtered successfully.
2024-08-27 03:02:42 - 2024-08-27 03:02:42 - P1. Upload     - Number of samples displayed: 2
2024-08-27 03:02:48 - 2024-08-27 03:02:48 - P3. Download   - Success: Processed and exported results for file /app_demo/output/SMILE_20240827_030248_output.zip
2024-08-27 03:03:01 - 2024-08-27 03:03:01 - P1. Upload     - Number of samples displayed: 2
2024-08-27 03:03:07 - 2024-08-27 03:03:07 - P3. Download   - Success: Processed and exported results for file /app_demo/output/SMILE_20240827_030307_output.zip
2024-08-27 03:04:05 - 2024-08-27 03:04:05 - P1. Upload     - Number of samples displayed: 2
2024-08-27 03:04:06 - 2024-08-27 03:04:06 - P1. Upload     - Success: Uploaded M0100_0123_5_pos_4_01_288.xlsx data successfully.
2024-08-27 03:04:06 - 2024-08-27 03:04:06 - P1. Upload     - Success: Uploaded M0101_0123_5_pos_14_01_293.xlsx data successfully.
2024-08-27 03:04:06 - 2024-08-27 03:04:06 - P1. Upload     - Success: Uploaded M0102_0123_5_pos_5_01_289.xlsx data successfully.
2024-08-27 03:04:06 - 2024-08-27 03:04:06 - P1. Upload     - Success: Uploaded M0117_0123_5_pos_1_01_285.xlsx data successfully.
2024-08-27 03:04:06 - 2024-08-27 03:04:06 - P1. Upload     - Accessed Manage Config Page
2024-08-27 03:04:07 - 2024-08-27 03:04:07 - P1. Upload     - Number of samples displayed: 2
2024-08-27 03:04:08 - 2024-08-27 03:04:08 - P1. Upload     - Success: Uploaded M0100_0123_5_pos_4_01_288.xlsx data successfully.
2024-08-27 03:04:08 - 2024-08-27 03:04:08 - P1. Upload     - Success: Uploaded M0101_0123_5_pos_14_01_293.xlsx data successfully.
2024-08-27 03:04:08 - 2024-08-27 03:04:08 - P1. Upload     - Success: Uploaded M0102_0123_5_pos_5_01_289.xlsx data successfully.
2024-08-27 03:04:08 - 2024-08-27 03:04:08 - P1. Upload     - Accessed Manage Config Page
2024-08-27 03:04:11 - 2024-08-27 03:04:11 - P1. Upload     - Number of samples displayed: 2
2024-08-27 03:04:11 - 2024-08-27 03:04:11 - P1. Upload     - Success: Uploaded M0100_0123_5_pos_4_01_288.xlsx data successfully.
2024-08-27 03:04:12 - 2024-08-27 03:04:12 - P1. Upload     - Success: Uploaded M0101_0123_5_pos_14_01_293.xlsx data successfully.
2024-08-27 03:04:12 - 2024-08-27 03:04:12 - P1. Upload     - Accessed Manage Config Page
2024-08-27 03:04:12 - 2024-08-27 03:04:12 - P1. Upload     - Number of samples displayed: 2
2024-08-27 03:04:12 - 2024-08-27 03:04:12 - P1. Upload     - Success: Uploaded M0100_0123_5_pos_4_01_288.xlsx data successfully.
2024-08-27 03:04:12 - 2024-08-27 03:04:12 - P1. Upload     - Accessed Manage Config Page
2024-08-27 03:04:12 - 2024-08-27 03:04:12 - P1. Upload     - Number of samples displayed: 2
2024-08-27 03:04:12 - 2024-08-27 03:04:12 - P1. Upload     - Failed: No file uploaded.
2024-08-27 03:04:17 - 2024-08-27 03:04:17 - P1. Upload     - Number of samples displayed: 2
2024-08-27 03:04:17 - 2024-08-27 03:04:17 - P1. Upload     - Success: Uploaded 38-M_0127_6_pos_15_01_358.xlsx data successfully.
2024-08-27 03:04:17 - 2024-08-27 03:04:17 - P1. Upload     - Success: Uploaded 39-M_0127_6_pos_2_01_350.xlsx data successfully.
2024-08-27 03:04:17 - 2024-08-27 03:04:17 - P1. Upload     - Success: Uploaded 42-M_0127_6_pos_6_01_355.xlsx data successfully.
2024-08-27 03:04:18 - 2024-08-27 03:04:18 - P1. Upload     - Success: Uploaded 44-M_0127_6_pos_5_01_353.xlsx data successfully.
2024-08-27 03:04:18 - 2024-08-27 03:04:18 - P1. Upload     - Success: Uploaded 45-M_0127_6_pos_14_01_357.xlsx data successfully.
2024-08-27 03:04:18 - 2024-08-27 03:04:18 - P1. Upload     - Success: Uploaded 46-M_0127_6_pos_4_01_352.xlsx data successfully.
2024-08-27 03:04:18 - 2024-08-27 03:04:18 - P1. Upload     - Success: Uploaded 50-M_0127_6_pos_16_01_359.xlsx data successfully.
2024-08-27 03:04:18 - 2024-08-27 03:04:18 - P1. Upload     - Success: Uploaded M0007_0123_5_pos_3_01_287.xlsx data successfully.
2024-08-27 03:04:18 - 2024-08-27 03:04:18 - P1. Upload     - Success: Uploaded M0018_0123_5_pos_16_01_295.xlsx data successfully.
2024-08-27 03:04:18 - 2024-08-27 03:04:18 - P1. Upload     - Success: Uploaded M0033_0123_5_pos_15_01_294.xlsx data successfully.
2024-08-27 03:04:18 - 2024-08-27 03:04:18 - P1. Upload     - Success: Uploaded M0055_0123_5_pos_2_01_286.xlsx data successfully.
2024-08-27 03:04:18 - 2024-08-27 03:04:18 - P1. Upload     - Success: Uploaded M0072_0123_5_pos_13_01_292.xlsx data successfully.
2024-08-27 03:04:18 - 2024-08-27 03:04:18 - P1. Upload     - Success: Uploaded M0082_0123_5_pos_6_01_291.xlsx data successfully.
2024-08-27 03:04:19 - 2024-08-27 03:04:19 - P1. Upload     - Success: Uploaded M0100_0123_5_pos_4_01_288.xlsx data successfully.
2024-08-27 03:04:19 - 2024-08-27 03:04:19 - P1. Upload     - Success: Uploaded M0101_0123_5_pos_14_01_293.xlsx data successfully.
2024-08-27 03:04:19 - 2024-08-27 03:04:19 - P1. Upload     - Success: Uploaded M0102_0123_5_pos_5_01_289.xlsx data successfully.
2024-08-27 03:04:19 - 2024-08-27 03:04:19 - P1. Upload     - Success: Uploaded M0117_0123_5_pos_1_01_285.xlsx data successfully.
2024-08-27 03:04:19 - 2024-08-27 03:04:19 - P1. Upload     - Accessed Manage Config Page
2024-08-27 03:04:23 - 2024-08-27 03:04:23 - P1. Upload     - Number of samples displayed: 2
2024-08-27 03:04:23 - 2024-08-27 03:04:23 - P1. Upload     - Success: Uploaded 38-M_0127_6_pos_15_01_358.xlsx data successfully.
2024-08-27 03:04:24 - 2024-08-27 03:04:24 - P1. Upload     - Success: Uploaded 39-M_0127_6_pos_2_01_350.xlsx data successfully.
2024-08-27 03:04:24 - 2024-08-27 03:04:24 - P1. Upload     - Success: Uploaded 42-M_0127_6_pos_6_01_355.xlsx data successfully.
2024-08-27 03:04:24 - 2024-08-27 03:04:24 - P1. Upload     - Success: Uploaded 44-M_0127_6_pos_5_01_353.xlsx data successfully.
2024-08-27 03:04:24 - 2024-08-27 03:04:24 - P1. Upload     - Success: Uploaded 45-M_0127_6_pos_14_01_357.xlsx data successfully.
2024-08-27 03:04:24 - 2024-08-27 03:04:24 - P1. Upload     - Success: Uploaded 46-M_0127_6_pos_4_01_352.xlsx data successfully.
2024-08-27 03:04:24 - 2024-08-27 03:04:24 - P1. Upload     - Success: Uploaded 50-M_0127_6_pos_16_01_359.xlsx data successfully.
2024-08-27 03:04:24 - 2024-08-27 03:04:24 - P1. Upload     - Success: Uploaded M0007_0123_5_pos_3_01_287.xlsx data successfully.
2024-08-27 03:04:24 - 2024-08-27 03:04:24 - P1. Upload     - Success: Uploaded M0018_0123_5_pos_16_01_295.xlsx data successfully.
2024-08-27 03:04:24 - 2024-08-27 03:04:24 - P1. Upload     - Success: Uploaded M0033_0123_5_pos_15_01_294.xlsx data successfully.
2024-08-27 03:04:24 - 2024-08-27 03:04:24 - P1. Upload     - Success: Uploaded M0055_0123_5_pos_2_01_286.xlsx data successfully.
2024-08-27 03:04:24 - 2024-08-27 03:04:24 - P1. Upload     - Success: Uploaded M0072_0123_5_pos_13_01_292.xlsx data successfully.
2024-08-27 03:04:24 - 2024-08-27 03:04:24 - P1. Upload     - Success: Uploaded M0082_0123_5_pos_6_01_291.xlsx data successfully.
2024-08-27 03:04:25 - 2024-08-27 03:04:25 - P1. Upload     - Success: Uploaded M0100_0123_5_pos_4_01_288.xlsx data successfully.
2024-08-27 03:04:25 - 2024-08-27 03:04:25 - P1. Upload     - Success: Uploaded M0101_0123_5_pos_14_01_293.xlsx data successfully.
2024-08-27 03:04:25 - 2024-08-27 03:04:25 - P1. Upload     - Success: Uploaded M0102_0123_5_pos_5_01_289.xlsx data successfully.
2024-08-27 03:04:25 - 2024-08-27 03:04:25 - P1. Upload     - Success: Uploaded M0117_0123_5_pos_1_01_285.xlsx data successfully.
2024-08-27 03:04:25 - 2024-08-27 03:04:25 - P1. Upload     - Accessed Manage Config Page
2024-08-27 03:04:25 - 2024-08-27 03:04:25 - P1. Upload     - Configuration updated successfully!
2024-08-27 03:04:27 - 2024-08-27 03:04:27 - P1. Upload     - Number of samples displayed: 2
2024-08-27 03:04:27 - 2024-08-27 03:04:27 - P2. Processing - Success: 38-M_0127_6_pos_15_01_358.xlsx processed and filtered successfully.
2024-08-27 03:04:27 - 2024-08-27 03:04:27 - P2. Processing - Success: 39-M_0127_6_pos_2_01_350.xlsx processed and filtered successfully.
2024-08-27 03:04:31 - 2024-08-27 03:04:31 - P1. Upload     - Number of samples displayed: 2
2024-08-27 03:04:52 - 2024-08-27 03:04:52 - P3. Download   - Success: Processed and exported results for file /app_demo/output/SMILE_20240827_030452_output.zip
2024-08-27 03:04:59 - 2024-08-27 03:04:59 - P1. Upload     - Number of samples displayed: 2
2024-08-27 03:05:21 - 2024-08-27 03:05:21 - P3. Download   - Success: Processed and exported results for file /app_demo/output/SMILE_20240827_030521_output.zip
